# JRE version: OpenJDK Runtime Environment (8.0_312-b07) (build 1.8.0_312-b07)
# Java VM: OpenJDK 64-Bit Server VM (25.312-b07 mixed mode bsd-amd64 compressed oops)
Heap:
 PSYoungGen      total 1216512K, used 948052K [0x000000076ab00000, 0x00000007bf680000, 0x00000007c0000000)
  eden space 1051648K, 90% used [0x000000076ab00000,0x00000007a48d50a0,0x00000007aae00000)
  from space 164864K, 0% used [0x00000007b4d00000,0x00000007b4d00000,0x00000007bee00000)
  to   space 162816K, 0% used [0x00000007aae00000,0x00000007aae00000,0x00000007b4d00000)
 ParOldGen       total 368640K, used 201279K [0x00000006c0000000, 0x00000006d6800000, 0x000000076ab00000)
  object space 368640K, 54% used [0x00000006c0000000,0x00000006cc48fe60,0x00000006d6800000)
 Metaspace       used 106353K, capacity 111862K, committed 112216K, reserved 1146880K
  class space    used 13178K, capacity 14339K, committed 14464K, reserved 1048576K
GC Heap History (10 events):
Event: 41.979 GC heap before
{Heap before GC invocations=17 (full 3):
 PSYoungGen      total 1056256K, used 927081K [0x000000076ab00000, 0x00000007bee80000, 0x00000007c0000000)
  eden space 1024512K, 90% used [0x000000076ab00000,0x00000007a345a628,0x00000007a9380000)
  from space 31744K, 0% used [0x00000007a9380000,0x00000007a9380000,0x00000007ab280000)
  to   space 177664K, 0% used [0x00000007b4100000,0x00000007b4100000,0x00000007bee80000)
 ParOldGen       total 330752K, used 185255K [0x00000006c0000000, 0x00000006d4300000, 0x000000076ab00000)
  object space 330752K, 56% used [0x00000006c0000000,0x00000006cb4e9e20,0x00000006d4300000)
 Metaspace       used 57368K, capacity 58936K, committed 58968K, reserved 1101824K
  class space    used 6556K, capacity 7024K, committed 7040K, reserved 1048576K
Event: 42.059 GC heap after
Heap after GC invocations=17 (full 3):
 PSYoungGen      total 1209344K, used 77324K [0x000000076ab00000, 0x00000007c0000000, 0x00000007c0000000)
  eden space 1031680K, 0% used [0x000000076ab00000,0x000000076ab00000,0x00000007a9a80000)
  from space 177664K, 43% used [0x00000007b4100000,0x00000007b8c83018,0x00000007bee80000)
  to   space 170496K, 0% used [0x00000007a9a80000,0x00000007a9a80000,0x00000007b4100000)
 ParOldGen       total 330752K, used 185263K [0x00000006c0000000, 0x00000006d4300000, 0x000000076ab00000)
  object space 330752K, 56% used [0x00000006c0000000,0x00000006cb4ebe20,0x00000006d4300000)
 Metaspace       used 57368K, capacity 58936K, committed 58968K, reserved 1101824K
  class space    used 6556K, capacity 7024K, committed 7040K, reserved 1048576K
}
Event: 42.059 GC heap before
{Heap before GC invocations=18 (full 4):
 PSYoungGen      total 1209344K, used 77324K [0x000000076ab00000, 0x00000007c0000000, 0x00000007c0000000)
  eden space 1031680K, 0% used [0x000000076ab00000,0x000000076ab00000,0x00000007a9a80000)
  from space 177664K, 43% used [0x00000007b4100000,0x00000007b8c83018,0x00000007bee80000)
  to   space 170496K, 0% used [0x00000007a9a80000,0x00000007a9a80000,0x00000007b4100000)
 ParOldGen       total 330752K, used 185263K [0x00000006c0000000, 0x00000006d4300000, 0x000000076ab00000)
  object space 330752K, 56% used [0x00000006c0000000,0x00000006cb4ebe20,0x00000006d4300000)
 Metaspace       used 57368K, capacity 58936K, committed 58968K, reserved 1101824K
  class space    used 6556K, capacity 7024K, committed 7040K, reserved 1048576K
Event: 42.208 GC heap after
Heap after GC invocations=18 (full 4):
 PSYoungGen      total 1209344K, used 0K [0x000000076ab00000, 0x00000007c0000000, 0x00000007c0000000)
  eden space 1031680K, 0% used [0x000000076ab00000,0x000000076ab00000,0x00000007a9a80000)
  from space 177664K, 0% used [0x00000007b4100000,0x00000007b4100000,0x00000007bee80000)
  to   space 170496K, 0% used [0x00000007a9a80000,0x00000007a9a80000,0x00000007b4100000)
 ParOldGen       total 392192K, used 234434K [0x00000006c0000000, 0x00000006d7f00000, 0x000000076ab00000)
  object space 392192K, 59% used [0x00000006c0000000,0x00000006ce4f09a8,0x00000006d7f00000)
 Metaspace       used 57368K, capacity 58936K, committed 58968K, reserved 1101824K
  class space    used 6556K, capacity 7024K, committed 7040K, reserved 1048576K
}
Event: 52.597 GC heap before
{Heap before GC invocations=19 (full 4):
 PSYoungGen      total 1209344K, used 1031680K [0x000000076ab00000, 0x00000007c0000000, 0x00000007c0000000)
  eden space 1031680K, 100% used [0x000000076ab00000,0x00000007a9a80000,0x00000007a9a80000)
  from space 177664K, 0% used [0x00000007b4100000,0x00000007b4100000,0x00000007bee80000)
  to   space 170496K, 0% used [0x00000007a9a80000,0x00000007a9a80000,0x00000007b4100000)
 ParOldGen       total 392192K, used 234444K [0x00000006c0000000, 0x00000006d7f00000, 0x000000076ab00000)
  object space 392192K, 59% used [0x00000006c0000000,0x00000006ce4f32d8,0x00000006d7f00000)
 Metaspace       used 80094K, capacity 82548K, committed 82648K, reserved 1122304K
  class space    used 9606K, capacity 10218K, committed 10240K, reserved 1048576K
Event: 52.872 GC heap after
Heap after GC invocations=19 (full 4):
 PSYoungGen      total 1202176K, used 40065K [0x000000076ab00000, 0x00000007bee00000, 0x00000007c0000000)
  eden space 1031680K, 0% used [0x000000076ab00000,0x000000076ab00000,0x00000007a9a80000)
  from space 170496K, 23% used [0x00000007a9a80000,0x00000007ac1a0760,0x00000007b4100000)
  to   space 164864K, 0% used [0x00000007b4d00000,0x00000007b4d00000,0x00000007bee00000)
 ParOldGen       total 392192K, used 234460K [0x00000006c0000000, 0x00000006d7f00000, 0x000000076ab00000)
  object space 392192K, 59% used [0x00000006c0000000,0x00000006ce4f72d8,0x00000006d7f00000)
 Metaspace       used 80094K, capacity 82548K, committed 82648K, reserved 1122304K
  class space    used 9606K, capacity 10218K, committed 10240K, reserved 1048576K
}
Event: 57.339 GC heap before
{Heap before GC invocations=20 (full 4):
 PSYoungGen      total 1202176K, used 412854K [0x000000076ab00000, 0x00000007bee00000, 0x00000007c0000000)
  eden space 1031680K, 36% used [0x000000076ab00000,0x000000078170d2b0,0x00000007a9a80000)
  from space 170496K, 23% used [0x00000007a9a80000,0x00000007ac1a0760,0x00000007b4100000)
  to   space 164864K, 0% used [0x00000007b4d00000,0x00000007b4d00000,0x00000007bee00000)
 ParOldGen       total 392192K, used 234460K [0x00000006c0000000, 0x00000006d7f00000, 0x000000076ab00000)
  object space 392192K, 59% used [0x00000006c0000000,0x00000006ce4f72d8,0x00000006d7f00000)
 Metaspace       used 93332K, capacity 98040K, committed 98264K, reserved 1134592K
  class space    used 11537K, capacity 12540K, committed 12544K, reserved 1048576K
Event: 57.518 GC heap after
Heap after GC invocations=20 (full 4):
 PSYoungGen      total 1216512K, used 16502K [0x000000076ab00000, 0x00000007bf680000, 0x00000007c0000000)
  eden space 1051648K, 0% used [0x000000076ab00000,0x000000076ab00000,0x00000007aae00000)
  from space 164864K, 10% used [0x00000007b4d00000,0x00000007b5d1dbc0,0x00000007bee00000)
  to   space 162816K, 0% used [0x00000007aae00000,0x00000007aae00000,0x00000007b4d00000)
 ParOldGen       total 392192K, used 256256K [0x00000006c0000000, 0x00000006d7f00000, 0x000000076ab00000)
  object space 392192K, 65% used [0x00000006c0000000,0x00000006cfa40148,0x00000006d7f00000)
 Metaspace       used 93332K, capacity 98040K, committed 98264K, reserved 1134592K
  class space    used 11537K, capacity 12540K, committed 12544K, reserved 1048576K
}
Event: 57.518 GC heap before
{Heap before GC invocations=21 (full 5):
 PSYoungGen      total 1216512K, used 16502K [0x000000076ab00000, 0x00000007bf680000, 0x00000007c0000000)
  eden space 1051648K, 0% used [0x000000076ab00000,0x000000076ab00000,0x00000007aae00000)
  from space 164864K, 10% used [0x00000007b4d00000,0x00000007b5d1dbc0,0x00000007bee00000)
  to   space 162816K, 0% used [0x00000007aae00000,0x00000007aae00000,0x00000007b4d00000)
 ParOldGen       total 392192K, used 256256K [0x00000006c0000000, 0x00000006d7f00000, 0x000000076ab00000)
  object space 392192K, 65% used [0x00000006c0000000,0x00000006cfa40148,0x00000006d7f00000)
 Metaspace       used 93332K, capacity 98040K, committed 98264K, reserved 1134592K
  class space    used 11537K, capacity 12540K, committed 12544K, reserved 1048576K
Event: 57.865 GC heap after
Heap after GC invocations=21 (full 5):
 PSYoungGen      total 1216512K, used 0K [0x000000076ab00000, 0x00000007bf680000, 0x00000007c0000000)
  eden space 1051648K, 0% used [0x000000076ab00000,0x000000076ab00000,0x00000007aae00000)
  from space 164864K, 0% used [0x00000007b4d00000,0x00000007b4d00000,0x00000007bee00000)
  to   space 162816K, 0% used [0x00000007aae00000,0x00000007aae00000,0x00000007b4d00000)
 ParOldGen       total 368640K, used 201279K [0x00000006c0000000, 0x00000006d6800000, 0x000000076ab00000)
  object space 368640K, 54% used [0x00000006c0000000,0x00000006cc48fe60,0x00000006d6800000)
 Metaspace       used 93275K, capacity 97900K, committed 98264K, reserved 1134592K
  class space    used 11516K, capacity 12506K, committed 12544K, reserved 1048576K
}

